build/app/intermediates/manifest_merge_blame_file/release/manifest-merger-blame-release-report.txt
1<?xml version="1.0" encoding="utf-8"?>
2<manifest xmlns:android="http://schemas.android.com/apk/res/android"
3    package="com.example.intelligent_reader_app"
4    android:versionCode="1"
5    android:versionName="1.0.0" >
6
7    <uses-sdk
8        android:minSdkVersion="19"
8-->src\main\AndroidManifest.xml
9        android:targetSdkVersion="31" />
9-->src\main\AndroidManifest.xml
10
11    <uses-permission android:name="android.permission.INTERNET" />
11-->src\main\AndroidManifest.xml:3:5-66
11-->src\main\AndroidManifest.xml:3:22-64
12    <uses-permission android:name="android.permission.WRITE_EXTERNAL_STORAGE" />
12-->[:flutter_share_me] AndroidManifest.xml:10:5-81
12-->[:flutter_share_me] AndroidManifest.xml:10:22-78
13
14    <queries>
14-->[:flutter_share_me] AndroidManifest.xml:12:5-14:15
15        <package android:name="com.instagram.android" />
15-->[:flutter_share_me] AndroidManifest.xml:13:9-57
15-->[:flutter_share_me] AndroidManifest.xml:13:18-54
16    </queries>
17
18    <uses-permission android:name="android.permission.READ_EXTERNAL_STORAGE" />
19    <uses-permission android:name="android.permission.ACCESS_NETWORK_STATE" />
19-->[:connectivity] AndroidManifest.xml:9:5-79
19-->[:connectivity] AndroidManifest.xml:9:22-76
20    <uses-permission android:name="com.google.android.finsky.permission.BIND_GET_INSTALL_REFERRER_SERVICE" />
20-->[com.android.installreferrer:installreferrer:1.0] AndroidManifest.xml:9:5-110
20-->[com.android.installreferrer:installreferrer:1.0] AndroidManifest.xml:9:22-107
21
22    <application
23        android:name="android.app.Application"
23-->src\main\AndroidManifest.xml:7:9-42
24        android:appComponentFactory="androidx.core.app.CoreComponentFactory"
24-->[androidx.core:core:1.6.0] AndroidManifest.xml:24:18-86
25        android:icon="@drawable/fs_bg"
25-->src\main\AndroidManifest.xml:8:9-39
26        android:label="FS"
26-->src\main\AndroidManifest.xml:6:9-27
27        android:supportsRtl="true" >
27-->[com.facebook.android:facebook-share:5.15.3] AndroidManifest.xml:28:18-44
28        <activity
28-->src\main\AndroidManifest.xml:10:9-31:20
29            android:name="com.example.intelligent_reader_app.MainActivity"
29-->src\main\AndroidManifest.xml:11:13-41
30            android:configChanges="orientation|keyboardHidden|keyboard|screenSize|smallestScreenSize|locale|layoutDirection|fontScale|screenLayout|density|uiMode"
30-->src\main\AndroidManifest.xml:15:13-163
31            android:exported="true"
31-->src\main\AndroidManifest.xml:12:13-36
32            android:hardwareAccelerated="true"
32-->src\main\AndroidManifest.xml:16:13-47
33            android:launchMode="singleTop"
33-->src\main\AndroidManifest.xml:13:13-43
34            android:theme="@style/LaunchTheme"
34-->src\main\AndroidManifest.xml:14:13-47
35            android:windowSoftInputMode="adjustResize" >
35-->src\main\AndroidManifest.xml:17:13-55
36
37            <!--
38                 Specifies an Android theme to apply to this Activity as soon as
39                 the Android process has started. This theme is visible to the user
40                 while the Flutter UI initializes. After that, this theme continues
41                 to determine the Window background behind the Flutter UI.
42            -->
43            <meta-data
43-->src\main\AndroidManifest.xml:22:13-25:17
44                android:name="io.flutter.embedding.android.NormalTheme"
44-->src\main\AndroidManifest.xml:23:15-70
45                android:resource="@style/NormalTheme" />
45-->src\main\AndroidManifest.xml:24:15-52
46
47            <intent-filter>
47-->src\main\AndroidManifest.xml:27:13-30:29
48                <action android:name="android.intent.action.MAIN" />
48-->src\main\AndroidManifest.xml:28:17-68
48-->src\main\AndroidManifest.xml:28:25-66
49
50                <category android:name="android.intent.category.LAUNCHER" />
50-->src\main\AndroidManifest.xml:29:17-76
50-->src\main\AndroidManifest.xml:29:27-74
51            </intent-filter>
52        </activity>
53
54        <!--
55             Don't delete the meta-data below.
56             This is used by the Flutter tool to generate GeneratedPluginRegistrant.java
57        -->
58        <meta-data
58-->src\main\AndroidManifest.xml:35:9-37:33
59            android:name="flutterEmbedding"
59-->src\main\AndroidManifest.xml:36:13-44
60            android:value="2" />
60-->src\main\AndroidManifest.xml:37:13-30
61
62        <!-- /////// social share me code start -->
63        <meta-data
63-->src\main\AndroidManifest.xml:40:9-42:55
64            android:name="com.facebook.sdk.ApplicationId"
64-->src\main\AndroidManifest.xml:41:13-58
65            android:value="@string/facebook_app_id" />
65-->src\main\AndroidManifest.xml:42:13-52
66
67        <provider
67-->src\main\AndroidManifest.xml:44:9-47:40
68            android:name="com.facebook.FacebookContentProvider"
68-->src\main\AndroidManifest.xml:45:13-64
69            android:authorities="com.facebook.app.FacebookContentProvider[facebook_app_id]"
69-->src\main\AndroidManifest.xml:46:13-92
70            android:exported="false" />
70-->src\main\AndroidManifest.xml:47:13-37
71        <!-- ///////social share me code end -->
72
73        <provider
73-->[:flutter_share_me] AndroidManifest.xml:17:9-25:20
74            android:name="zhuoyuan.li.fluttershareme.util.ShareFileProvider"
74-->[:flutter_share_me] AndroidManifest.xml:18:13-77
75            android:authorities="com.example.intelligent_reader_app.provider"
75-->[:flutter_share_me] AndroidManifest.xml:19:13-60
76            android:exported="false"
76-->[:flutter_share_me] AndroidManifest.xml:20:13-37
77            android:grantUriPermissions="true" >
77-->[:flutter_share_me] AndroidManifest.xml:21:13-47
78            <meta-data
78-->[:flutter_share_me] AndroidManifest.xml:22:13-24:54
79                android:name="android.support.FILE_PROVIDER_PATHS"
79-->[:flutter_share_me] AndroidManifest.xml:23:17-67
80                android:resource="@xml/file_paths" />
80-->[:flutter_share_me] AndroidManifest.xml:24:17-51
81        </provider>
82
83        <uses-library
83-->[androidx.window:window:1.0.0-beta04] AndroidManifest.xml:25:9-27:40
84            android:name="androidx.window.extensions"
84-->[androidx.window:window:1.0.0-beta04] AndroidManifest.xml:26:13-54
85            android:required="false" />
85-->[androidx.window:window:1.0.0-beta04] AndroidManifest.xml:27:13-37
86        <uses-library
86-->[androidx.window:window:1.0.0-beta04] AndroidManifest.xml:28:9-30:40
87            android:name="androidx.window.sidecar"
87-->[androidx.window:window:1.0.0-beta04] AndroidManifest.xml:29:13-51
88            android:required="false" />
88-->[androidx.window:window:1.0.0-beta04] AndroidManifest.xml:30:13-37
89
90        <activity
90-->[com.facebook.android:facebook-common:5.15.3] AndroidManifest.xml:30:9-33:66
91            android:name="com.facebook.FacebookActivity"
91-->[com.facebook.android:facebook-common:5.15.3] AndroidManifest.xml:31:13-57
92            android:configChanges="keyboard|keyboardHidden|screenLayout|screenSize|orientation"
92-->[com.facebook.android:facebook-common:5.15.3] AndroidManifest.xml:32:13-96
93            android:theme="@style/com_facebook_activity_theme" />
93-->[com.facebook.android:facebook-common:5.15.3] AndroidManifest.xml:33:13-63
94        <activity android:name="com.facebook.CustomTabMainActivity" />
94-->[com.facebook.android:facebook-common:5.15.3] AndroidManifest.xml:34:9-71
94-->[com.facebook.android:facebook-common:5.15.3] AndroidManifest.xml:34:19-68
95        <activity
95-->[com.facebook.android:facebook-common:5.15.3] AndroidManifest.xml:35:9-49:20
96            android:name="com.facebook.CustomTabActivity"
96-->[com.facebook.android:facebook-common:5.15.3] AndroidManifest.xml:36:13-58
97            android:exported="true" >
97-->[com.facebook.android:facebook-common:5.15.3] AndroidManifest.xml:37:13-36
98            <intent-filter>
98-->[com.facebook.android:facebook-common:5.15.3] AndroidManifest.xml:39:13-48:29
99                <action android:name="android.intent.action.VIEW" />
99-->[com.facebook.android:facebook-common:5.15.3] AndroidManifest.xml:40:17-69
99-->[com.facebook.android:facebook-common:5.15.3] AndroidManifest.xml:40:25-66
100
101                <category android:name="android.intent.category.DEFAULT" />
101-->[com.facebook.android:facebook-common:5.15.3] AndroidManifest.xml:42:17-76
101-->[com.facebook.android:facebook-common:5.15.3] AndroidManifest.xml:42:27-73
102                <category android:name="android.intent.category.BROWSABLE" />
102-->[com.facebook.android:facebook-common:5.15.3] AndroidManifest.xml:43:17-78
102-->[com.facebook.android:facebook-common:5.15.3] AndroidManifest.xml:43:27-75
103
104                <data
104-->[com.facebook.android:facebook-common:5.15.3] AndroidManifest.xml:45:17-47:50
105                    android:host="cct.com.example.intelligent_reader_app"
105-->[com.facebook.android:facebook-common:5.15.3] AndroidManifest.xml:46:21-56
106                    android:scheme="fbconnect" />
106-->[com.facebook.android:facebook-common:5.15.3] AndroidManifest.xml:47:21-47
107            </intent-filter>
108        </activity>
109        <activity
109-->[com.twitter.sdk.android:tweet-ui:3.1.1] AndroidManifest.xml:28:9-31:49
110            android:name="com.twitter.sdk.android.tweetui.PlayerActivity"
110-->[com.twitter.sdk.android:tweet-ui:3.1.1] AndroidManifest.xml:29:13-74
111            android:configChanges="keyboardHidden|orientation|screenSize"
111-->[com.twitter.sdk.android:tweet-ui:3.1.1] AndroidManifest.xml:30:13-74
112            android:theme="@style/MediaTheme" />
112-->[com.twitter.sdk.android:tweet-ui:3.1.1] AndroidManifest.xml:31:13-46
113        <activity
113-->[com.twitter.sdk.android:tweet-ui:3.1.1] AndroidManifest.xml:32:9-34:49
114            android:name="com.twitter.sdk.android.tweetui.GalleryActivity"
114-->[com.twitter.sdk.android:tweet-ui:3.1.1] AndroidManifest.xml:33:13-75
115            android:theme="@style/MediaTheme" />
115-->[com.twitter.sdk.android:tweet-ui:3.1.1] AndroidManifest.xml:34:13-46
116        <!--
117         The initialization ContentProvider will call FacebookSdk.sdkInitialize automatically
118         with the application context. This config is merged in with the host app's manifest,
119         but there can only be one provider with the same authority activated at any given
120         point; so if the end user has two or more different apps that use Facebook SDK, only the
121         first one will be able to use the provider. To work around this problem, we use the
122         following placeholder in the authority to identify each host application as if it was
123         a completely different provider.
124        -->
125        <provider
125-->[com.facebook.android:facebook-core:5.15.3] AndroidManifest.xml:39:9-42:40
126            android:name="com.facebook.internal.FacebookInitProvider"
126-->[com.facebook.android:facebook-core:5.15.3] AndroidManifest.xml:40:13-70
127            android:authorities="com.example.intelligent_reader_app.FacebookInitProvider"
127-->[com.facebook.android:facebook-core:5.15.3] AndroidManifest.xml:41:13-72
128            android:exported="false" />
128-->[com.facebook.android:facebook-core:5.15.3] AndroidManifest.xml:42:13-37
129
130        <receiver
130-->[com.facebook.android:facebook-core:5.15.3] AndroidManifest.xml:44:9-50:20
131            android:name="com.facebook.CurrentAccessTokenExpirationBroadcastReceiver"
131-->[com.facebook.android:facebook-core:5.15.3] AndroidManifest.xml:45:13-86
132            android:exported="false" >
132-->[com.facebook.android:facebook-core:5.15.3] AndroidManifest.xml:46:13-37
133            <intent-filter>
133-->[com.facebook.android:facebook-core:5.15.3] AndroidManifest.xml:47:13-49:29
134                <action android:name="com.facebook.sdk.ACTION_CURRENT_ACCESS_TOKEN_CHANGED" />
134-->[com.facebook.android:facebook-core:5.15.3] AndroidManifest.xml:48:17-95
134-->[com.facebook.android:facebook-core:5.15.3] AndroidManifest.xml:48:25-92
135            </intent-filter>
136        </receiver>
137
138        <activity
138-->[com.twitter.sdk.android:tweet-composer:3.1.1] AndroidManifest.xml:28:9-31:71
139            android:name="com.twitter.sdk.android.tweetcomposer.ComposerActivity"
139-->[com.twitter.sdk.android:tweet-composer:3.1.1] AndroidManifest.xml:29:13-82
140            android:exported="false"
140-->[com.twitter.sdk.android:tweet-composer:3.1.1] AndroidManifest.xml:30:13-37
141            android:windowSoftInputMode="adjustResize|stateVisible" />
141-->[com.twitter.sdk.android:tweet-composer:3.1.1] AndroidManifest.xml:31:13-68
142
143        <service
143-->[com.twitter.sdk.android:tweet-composer:3.1.1] AndroidManifest.xml:33:9-36:40
144            android:name="com.twitter.sdk.android.tweetcomposer.TweetUploadService"
144-->[com.twitter.sdk.android:tweet-composer:3.1.1] AndroidManifest.xml:34:13-84
145            android:enabled="true"
145-->[com.twitter.sdk.android:tweet-composer:3.1.1] AndroidManifest.xml:35:13-35
146            android:exported="false" />
146-->[com.twitter.sdk.android:tweet-composer:3.1.1] AndroidManifest.xml:36:13-37
147
148        <activity
148-->[com.twitter.sdk.android:twitter-core:3.1.1] AndroidManifest.xml:28:9-32:40
149            android:name="com.twitter.sdk.android.core.identity.OAuthActivity"
149-->[com.twitter.sdk.android:twitter-core:3.1.1] AndroidManifest.xml:29:13-79
150            android:configChanges="orientation|screenSize"
150-->[com.twitter.sdk.android:twitter-core:3.1.1] AndroidManifest.xml:30:13-59
151            android:excludeFromRecents="true"
151-->[com.twitter.sdk.android:twitter-core:3.1.1] AndroidManifest.xml:31:13-46
152            android:exported="false" />
152-->[com.twitter.sdk.android:twitter-core:3.1.1] AndroidManifest.xml:32:13-37
153    </application>
154
155</manifest>